<?xml version="1.0" encoding="UTF-8"?>
<<<<<<< HEAD
  <testsuite tests="1" failures="0" time="90.893195237">
      <testcase name="PodAlert Test check_pod_status should manage icinga service for Alert.Spec.Selector" classname="e2e Suite" time="0">
          <skipped></skipped>
      </testcase>
      <testcase name="PodAlert Test check_pod_status should manage icinga service for new Pod" classname="e2e Suite" time="0">
          <skipped></skipped>
      </testcase>
      <testcase name="PodAlert Test check_pod_status should manage icinga service for deleted Pod" classname="e2e Suite" time="0">
          <skipped></skipped>
      </testcase>
      <testcase name="PodAlert Test check_pod_status should manage icinga service for Alert.Spec.Selector changed" classname="e2e Suite" time="0">
          <skipped></skipped>
      </testcase>
      <testcase name="PodAlert Test check_pod_status PodName should manage icinga service for Alert.Spec.PodName" classname="e2e Suite" time="0">
          <skipped></skipped>
      </testcase>
      <testcase name="PodAlert Test check_pod_status invalid image should handle icinga service for Critical State" classname="e2e Suite" time="0">
          <skipped></skipped>
      </testcase>
      <testcase name="PodAlert Test check_pod_status change labels should manage icinga service for Pod label changed" classname="e2e Suite" time="0">
          <skipped></skipped>
      </testcase>
      <testcase name="PodAlert Test check_pod_volume State OK should manage icinga service for OK State" classname="e2e Suite" time="0">
          <skipped></skipped>
      </testcase>
      <testcase name="PodAlert Test check_pod_volume State Warning should manage icinga service for Warning State" classname="e2e Suite" time="0">
          <skipped></skipped>
      </testcase>
      <testcase name="PodAlert Test check_pod_volume State Critical should manage icinga service for Critical State" classname="e2e Suite" time="0">
          <skipped></skipped>
      </testcase>
      <testcase name="NodeAlert Test check_node_status should manage icinga service for OK State" classname="e2e Suite" time="0">
          <skipped></skipped>
      </testcase>
      <testcase name="NodeAlert Test node_volume State OK should manage icinga service for OK State" classname="e2e Suite" time="0">
          <skipped></skipped>
      </testcase>
      <testcase name="NodeAlert Test node_volume State Warning should manage icinga service for Warning State" classname="e2e Suite" time="0">
          <skipped></skipped>
      </testcase>
      <testcase name="NodeAlert Test node_volume State Critical should manage icinga service for Critical State" classname="e2e Suite" time="0">
          <skipped></skipped>
      </testcase>
      <testcase name="ClusterAlert Test check_component_status should manage icinga service for OK State" classname="e2e Suite" time="0">
          <skipped></skipped>
      </testcase>
      <testcase name="ClusterAlert Test check_node_exists State OK should manage icinga service for OK State" classname="e2e Suite" time="0">
          <skipped></skipped>
      </testcase>
      <testcase name="ClusterAlert Test check_node_exists State Critical should manage icinga service for Critical State" classname="e2e Suite" time="0">
          <skipped></skipped>
      </testcase>
      <testcase name="ClusterAlert Test check_pod_exists State OK should manage icinga service for OK State" classname="e2e Suite" time="0">
          <skipped></skipped>
      </testcase>
      <testcase name="ClusterAlert Test check_pod_exists State Critical should manage icinga service for Critical State" classname="e2e Suite" time="0">
          <skipped></skipped>
      </testcase>
      <testcase name="Notification   " classname="e2e Suite" time="0">
          <skipped></skipped>
      </testcase>
      <testcase name="Notification Test Send custom notification Should be OK" classname="e2e Suite" time="86.005643289"></testcase>
=======
  <testsuite tests="13" failures="0" time="416.778453581">
      <testcase name="ClusterAlert Test check_component_status should manage icinga service for OK State" classname="e2e Suite" time="15.145932055"></testcase>
      <testcase name="ClusterAlert Test check_node_exists State OK should manage icinga service for OK State" classname="e2e Suite" time="15.079962579"></testcase>
      <testcase name="ClusterAlert Test check_node_exists State Critical should manage icinga service for Critical State" classname="e2e Suite" time="35.183944883"></testcase>
      <testcase name="ClusterAlert Test check_pod_exists State OK should manage icinga service for OK State" classname="e2e Suite" time="25.809477716"></testcase>
      <testcase name="ClusterAlert Test check_pod_exists State Critical should manage icinga service for Critical State" classname="e2e Suite" time="51.192992321"></testcase>
      <testcase name="PodAlert Test check_pod_status should manage icinga service for Alert.Spec.Selector" classname="e2e Suite" time="21.581026601"></testcase>
      <testcase name="PodAlert Test check_pod_status should manage icinga service for new Pod" classname="e2e Suite" time="61.222995816"></testcase>
      <testcase name="PodAlert Test check_pod_status should manage icinga service for deleted Pod" classname="e2e Suite" time="61.007106267"></testcase>
      <testcase name="PodAlert Test check_pod_status should manage icinga service for Alert.Spec.Selector changed" classname="e2e Suite" time="21.459718669"></testcase>
      <testcase name="PodAlert Test check_pod_status PodName should manage icinga service for Alert.Spec.PodName" classname="e2e Suite" time="20.845969055"></testcase>
      <testcase name="PodAlert Test check_pod_status invalid image should handle icinga service for Critical State" classname="e2e Suite" time="40.683131047"></testcase>
      <testcase name="PodAlert Test check_pod_status change labels should manage icinga service for Pod label changed" classname="e2e Suite" time="31.879031934"></testcase>
      <testcase name="PodAlert Test check_pod_volume State OK should manage icinga service for OK State" classname="e2e Suite" time="0.000706493">
          <skipped></skipped>
      </testcase>
      <testcase name="PodAlert Test check_pod_volume State Warning should manage icinga service for Warning State" classname="e2e Suite" time="0.001458691">
          <skipped></skipped>
      </testcase>
      <testcase name="PodAlert Test check_pod_volume State Critical should manage icinga service for Critical State" classname="e2e Suite" time="0.002437312">
          <skipped></skipped>
      </testcase>
      <testcase name="NodeAlert Test check_node_status should manage icinga service for OK State" classname="e2e Suite" time="11.331317028"></testcase>
      <testcase name="NodeAlert Test node_volume State OK should manage icinga service for OK State" classname="e2e Suite" time="0.074549935">
          <skipped></skipped>
      </testcase>
      <testcase name="NodeAlert Test node_volume State Warning should manage icinga service for Warning State" classname="e2e Suite" time="0.074797407">
          <skipped></skipped>
      </testcase>
      <testcase name="NodeAlert Test node_volume State Critical should manage icinga service for Critical State" classname="e2e Suite" time="0.199103407">
          <skipped></skipped>
      </testcase>
>>>>>>> fa7418f547cf1b646fc76ba01e7f3157c97f3e8e
  </testsuite>