<?xml version="1.0" encoding="UTF-8"?>
  <testsuite tests="1" failures="0" time="41.908968124">
      <testcase name="NodeAlert Test check_node_status should manage icinga service for Ok State" classname="e2e Suite" time="0">
          <skipped></skipped>
      </testcase>
      <testcase name="NodeAlert Test node_volume State OK should manage icinga service for Ok State" classname="e2e Suite" time="0">
          <skipped></skipped>
      </testcase>
      <testcase name="NodeAlert Test node_volume State Warning should manage icinga service for Warning State" classname="e2e Suite" time="0">
          <skipped></skipped>
      </testcase>
      <testcase name="NodeAlert Test node_volume State Critical should manage icinga service for Critical State" classname="e2e Suite" time="0">
          <skipped></skipped>
      </testcase>
      <testcase name="ClusterAlert Test check_component_status should manage icinga service for Ok State" classname="e2e Suite" time="0">
          <skipped></skipped>
      </testcase>
      <testcase name="ClusterAlert Test check_node_exists State OK should manage icinga service for Ok State" classname="e2e Suite" time="0">
          <skipped></skipped>
      </testcase>
      <testcase name="ClusterAlert Test check_node_exists State Critical should manage icinga service for Critical State" classname="e2e Suite" time="0">
          <skipped></skipped>
      </testcase>
      <testcase name="ClusterAlert Test check_pod_exists State OK should manage icinga service for Ok State" classname="e2e Suite" time="0">
          <skipped></skipped>
      </testcase>
      <testcase name="ClusterAlert Test check_pod_exists State Critical should manage icinga service for Critical State" classname="e2e Suite" time="0">
          <skipped></skipped>
      </testcase>
      <testcase name="PodAlert Test check_pod_status should manage icinga service for Alert.Spec.Selector" classname="e2e Suite" time="20.206335756"></testcase>
      <testcase name="PodAlert Test check_pod_status should manage icinga service for new Pod" classname="e2e Suite" time="0">
          <skipped></skipped>
      </testcase>
      <testcase name="PodAlert Test check_pod_status should manage icinga service for deleted Pod" classname="e2e Suite" time="0">
          <skipped></skipped>
      </testcase>
      <testcase name="PodAlert Test check_pod_status should manage icinga service for Alert.Spec.Selector changed" classname="e2e Suite" time="0">
          <skipped></skipped>
      </testcase>
      <testcase name="PodAlert Test check_pod_status PodName should manage icinga service for Alert.Spec.PodName" classname="e2e Suite" time="0">
          <skipped></skipped>
      </testcase>
      <testcase name="PodAlert Test check_pod_status invalid image should handle icinga service for Critical State" classname="e2e Suite" time="0">
          <skipped></skipped>
      </testcase>
      <testcase name="PodAlert Test check_pod_volume State OK should manage icinga service for Ok State" classname="e2e Suite" time="0">
          <skipped></skipped>
      </testcase>
      <testcase name="PodAlert Test check_pod_volume State Warning should manage icinga service for Warning State" classname="e2e Suite" time="0">
          <skipped></skipped>
      </testcase>
      <testcase name="PodAlert Test check_pod_volume State Critical should manage icinga service for Critical State" classname="e2e Suite" time="0">
          <skipped></skipped>
      </testcase>
      <testcase name="PodAlert Test check_pod_exec exit 0 should manage icinga service for Ok State" classname="e2e Suite" time="0">
          <skipped></skipped>
      </testcase>
      <testcase name="PodAlert Test check_pod_exec exit 2 should handle icinga service for Critical State" classname="e2e Suite" time="0">
          <skipped></skipped>
      </testcase>
  </testsuite>