<?xml version="1.0" encoding="UTF-8"?>
  <testsuite tests="8" failures="1" time="526.328243912">
      <testcase name="ClusterAlert Test check_component_status should manage icinga service for Ok State" classname="e2e Suite" time="0">
          <skipped></skipped>
      </testcase>
      <testcase name="ClusterAlert Test check_node_exists State OK should manage icinga service for Ok State" classname="e2e Suite" time="0">
          <skipped></skipped>
      </testcase>
      <testcase name="ClusterAlert Test check_node_exists State Critical should manage icinga service for Critical State" classname="e2e Suite" time="0">
          <skipped></skipped>
      </testcase>
      <testcase name="ClusterAlert Test check_pod_exists State OK should manage icinga service for Ok State" classname="e2e Suite" time="0">
          <skipped></skipped>
      </testcase>
      <testcase name="ClusterAlert Test check_pod_exists State Critical should manage icinga service for Critical State" classname="e2e Suite" time="0">
          <skipped></skipped>
      </testcase>
      <testcase name="NodeAlert Test check_node_status should manage icinga service for Ok State" classname="e2e Suite" time="0">
          <skipped></skipped>
      </testcase>
      <testcase name="NodeAlert Test node_disk State OK should manage icinga service for Ok State" classname="e2e Suite" time="0">
          <skipped></skipped>
      </testcase>
      <testcase name="NodeAlert Test node_disk State Warning should manage icinga service for Warning State" classname="e2e Suite" time="0">
          <skipped></skipped>
      </testcase>
      <testcase name="NodeAlert Test node_disk State Critical should manage icinga service for Critical State" classname="e2e Suite" time="0">
          <skipped></skipped>
      </testcase>
      <testcase name="PodAlert Test check_pod_status should manage icinga service for Alert.Spec.Selector" classname="e2e Suite" time="20.292253896"></testcase>
      <testcase name="PodAlert Test check_pod_status should manage icinga service for new Pod" classname="e2e Suite" time="25.314677633"></testcase>
      <testcase name="PodAlert Test check_pod_status should manage icinga service for deleted Pod" classname="e2e Suite" time="305.096890251">
          <failure type="Failure">/home/shahriar/go/src/github.com/appscode/searchlight/test/e2e/pod_alert_test.go:247&#xA;Timed out after 300.000s.&#xA;Found icinga object: {1 0 0 0}&#xA;/home/shahriar/go/src/github.com/appscode/searchlight/test/e2e/pod_alert_test.go:118</failure>
          <system-out>�[1mSTEP�[0m: Create ReplicaSet: replicaset-haaw2z&#xA;�[1mSTEP�[0m: Wait for Running pods&#xA;�[1mSTEP�[0m: Create matching podalert: podalert-r3tr6v&#xA;�[1mSTEP�[0m: Check icinga services&#xA;</system-out>
      </testcase>
      <testcase name="PodAlert Test check_pod_status should manage icinga service for Alert.Spec.Selector changed" classname="e2e Suite" time="20.164346855"></testcase>
      <testcase name="PodAlert Test check_pod_status PodName should manage icinga service for Alert.Spec.PodName" classname="e2e Suite" time="15.285166823"></testcase>
      <testcase name="PodAlert Test check_pod_status invalid image should handle icinga service for Critical State" classname="e2e Suite" time="50.536785654"></testcase>
      <testcase name="PodAlert Test check_volume State OK should manage icinga service for Ok State" classname="e2e Suite" time="0.010188862">
          <skipped></skipped>
      </testcase>
      <testcase name="PodAlert Test check_volume State Warning should manage icinga service for Warning State" classname="e2e Suite" time="0.012029618">
          <skipped></skipped>
      </testcase>
      <testcase name="PodAlert Test check_volume State Critical should manage icinga service for Critical State" classname="e2e Suite" time="0.008853641">
          <skipped></skipped>
      </testcase>
      <testcase name="PodAlert Test check_kube_exec exit 0 should manage icinga service for Ok State" classname="e2e Suite" time="20.251366593"></testcase>
      <testcase name="PodAlert Test check_kube_exec exit 2 should handle icinga service for Critical State" classname="e2e Suite" time="45.452002849"></testcase>
  </testsuite>