<?xml version="1.0" encoding="UTF-8"?>
  <testsuite tests="4" failures="4" time="131.496093832"></testsuite>