<?xml version="1.0" encoding="UTF-8"?>
  <testsuite tests="20" failures="20" time="60.018249446">
      <testcase name="BeforeSuite" classname="e2e Suite" time="30.016053125">
          <failure type="Failure">/home/shahriar/go/src/github.com/appscode/searchlight/test/e2e/e2e_suite_test.go:113&#xA;Expected error:&#xA;    &lt;*url.Error | 0xc420498360&gt;: {&#xA;        Op: &#34;Post&#34;,&#xA;        URL: &#34;https://192.168.99.100:8443/api/v1/namespaces&#34;,&#xA;        Err: {&#xA;            Op: &#34;dial&#34;,&#xA;            Net: &#34;tcp&#34;,&#xA;            Source: nil,&#xA;            Addr: {&#xA;                IP: [0, 0, 0, 0, 0, 0, 0, 0, 0, 0, 255, 255, 192, 168, 99, 100],&#xA;                Port: 8443,&#xA;                Zone: &#34;&#34;,&#xA;            },&#xA;            Err: {},&#xA;        },&#xA;    }&#xA;    Post https://192.168.99.100:8443/api/v1/namespaces: dial tcp 192.168.99.100:8443: i/o timeout&#xA;not to have occurred&#xA;/home/shahriar/go/src/github.com/appscode/searchlight/test/e2e/e2e_suite_test.go:68</failure>
          <system-out>�[1mSTEP�[0m: Using kubeconfig from /home/shahriar/.kube/config&#xA;&#xA;Using namespace searchlight-egtwqa&#xA;&#xA;</system-out>
      </testcase>
      <testcase name="AfterSuite" classname="e2e Suite" time="30.000658209">
          <failure type="Failure">/home/shahriar/go/src/github.com/appscode/searchlight/test/e2e/e2e_suite_test.go:119&#xA;Expected error:&#xA;    &lt;*url.Error | 0xc420472450&gt;: {&#xA;        Op: &#34;Delete&#34;,&#xA;        URL: &#34;https://192.168.99.100:8443/api/v1/namespaces/searchlight-egtwqa&#34;,&#xA;        Err: {&#xA;            Op: &#34;dial&#34;,&#xA;            Net: &#34;tcp&#34;,&#xA;            Source: nil,&#xA;            Addr: {&#xA;                IP: [0, 0, 0, 0, 0, 0, 0, 0, 0, 0, 255, 255, 192, 168, 99, 100],&#xA;                Port: 8443,&#xA;                Zone: &#34;&#34;,&#xA;            },&#xA;            Err: {},&#xA;        },&#xA;    }&#xA;    Delete https://192.168.99.100:8443/api/v1/namespaces/searchlight-egtwqa: dial tcp 192.168.99.100:8443: i/o timeout&#xA;not to have occurred&#xA;/home/shahriar/go/src/github.com/appscode/searchlight/test/e2e/e2e_suite_test.go:117</failure>
      </testcase>
  </testsuite>