<?xml version="1.0" encoding="UTF-8"?>
  <testsuite tests="2" failures="2" time="624.791019445">
      <testcase name="PodAlert Test check_pod_status should manage icinga service for new Pod" classname="e2e Suite" time="4.657918985">
          <skipped></skipped>
      </testcase>
      <testcase name="PodAlert Test check_pod_status should manage icinga service for deleted Pod" classname="e2e Suite" time="2.834865718">
          <skipped></skipped>
      </testcase>
      <testcase name="PodAlert Test check_pod_status should manage icinga service for Alert.Spec.Selector changed" classname="e2e Suite" time="1.4529291739999999">
          <skipped></skipped>
      </testcase>
      <testcase name="PodAlert Test check_pod_status should manage icinga service for Alert.Spec.PodName" classname="e2e Suite" time="0.582082205">
          <skipped></skipped>
      </testcase>
      <testcase name="PodAlert Test check_kube_exec exit 0 should manage icinga service for Alert.Spec.Selector" classname="e2e Suite" time="306.116462754">
          <failure type="Failure">/home/shahriar/go/src/github.com/appscode/searchlight/test/e2e/pod-alert_test.go:296&#xA;Timed out after 300.000s.&#xA;Found icinga object: {0 0 0 2}&#xA;/home/shahriar/go/src/github.com/appscode/searchlight/test/e2e/pod-alert_test.go:51</failure>
          <system-out>�[1mSTEP�[0m: Create ReplicaSet replicaset-mnunfk@searchlight-hndaso&#xA;�[1mSTEP�[0m: Wait for Running pods&#xA;�[1mSTEP�[0m: Create matching pod alert&#xA;�[1mSTEP�[0m: Check icinga services&#xA;</system-out>
      </testcase>
      <testcase name="PodAlert Test check_kube_exec exit 2 should handle icinga service for Critical State" classname="e2e Suite" time="305.275581508">
          <failure type="Failure">/home/shahriar/go/src/github.com/appscode/searchlight/test/e2e/pod-alert_test.go:304&#xA;Timed out after 300.000s.&#xA;Found icinga object: {0 0 0 2}&#xA;/home/shahriar/go/src/github.com/appscode/searchlight/test/e2e/pod-alert_test.go:236</failure>
          <system-out>�[1mSTEP�[0m: Create ReplicaSet replicaset-ebql2e@searchlight-hndaso&#xA;�[1mSTEP�[0m: Wait for all pods&#xA;�[1mSTEP�[0m: Create matching pod alert&#xA;�[1mSTEP�[0m: Check icinga services&#xA;</system-out>
      </testcase>
  </testsuite>