<?xml version="1.0" encoding="UTF-8"?>
  <testsuite tests="8" failures="0" time="0.044689542">
      <testcase name="PodAlert Create a namespace" classname="e2e Suite" time="2.907e-06"></testcase>
      <testcase name="PodAlert Create a deployment" classname="e2e Suite" time="8.96e-07"></testcase>
      <testcase name="PodAlert Create a PodAlert" classname="e2e Suite" time="9.14e-07"></testcase>
      <testcase name="PodAlert Check Checking Icinga2 Counting Icinga2 Host" classname="e2e Suite" time="3.627e-06"></testcase>
      <testcase name="PodAlert Check Checking Icinga2 Counting Icinga2 Service" classname="e2e Suite" time="1.772e-06"></testcase>
      <testcase name="PodAlert Check Increment replica Incrementing replica" classname="e2e Suite" time="2.42e-06"></testcase>
      <testcase name="PodAlert Check Checking Icinga2 again Counting Icinga2 Host" classname="e2e Suite" time="2.164e-06"></testcase>
      <testcase name="PodAlert Check Checking Icinga2 again Counting Icinga2 Service" classname="e2e Suite" time="2.347e-06"></testcase>
  </testsuite>