<?xml version="1.0" encoding="UTF-8"?>
  <testsuite tests="1" failures="1" time="351.371626148">
      <testcase name="PodAlert Test check_pod_status should manage icinga service for Alert.Spec.Selector changed" classname="e2e Suite" time="320.111168813">
          <failure type="Failure">/home/shahriar/go/src/github.com/appscode/searchlight/test/e2e/pod-alert_test.go:258&#xA;Timed out after 300.000s.&#xA;Found icinga object: {2 0 0 0}&#xA;/home/shahriar/go/src/github.com/appscode/searchlight/test/e2e/pod-alert_test.go:179</failure>
          <system-out>�[1mSTEP�[0m: Create ReplicaSet :replicaset-ze4r6w&#xA;�[1mSTEP�[0m: Wait for Running pods&#xA;�[1mSTEP�[0m: Create matching podalert :podalert-xgicz4&#xA;�[1mSTEP�[0m: Check icinga services&#xA;�[1mSTEP�[0m: Change LabelSelector&#xA;�[1mSTEP�[0m: Check icinga services&#xA;</system-out>
      </testcase>
  </testsuite>