<?xml version="1.0" encoding="UTF-8"?>
  <testsuite tests="8" failures="8" time="166.415489178"></testsuite>