<?xml version="1.0" encoding="UTF-8"?>
  <testsuite tests="0" failures="0" time="1.2987687079999999"></testsuite>